Unity Editor version:    2020.3.22f1 (e1a7f79fd887)
Branch:                  2020.3/staging
Build type:              Release
Batch mode:              YES
macOS version:           Version 11.6.5 (Build 20G527)
Darwin version:          20.6.0
Architecture:            x86_64
Running under Rosetta:   NO
Available memory:        4096 MB
Using pre-set license
Pro License: NO

COMMAND LINE ARGUMENTS:
/Applications/Unity/Hub/Editor/2020.3.22f1/Unity.app/Contents/MacOS/Unity
-adb2
-batchMode
-noUpm
-name
AssetImportWorker0
-projectPath
/Users/nawalaleissa/Documents/GitHub/UnityGitLfsExample/Maze
-logFile
Logs/AssetImportWorker0.log
-srvPort
52360
Successfully changed project path to: /Users/nawalaleissa/Documents/GitHub/UnityGitLfsExample/Maze
/Users/nawalaleissa/Documents/GitHub/UnityGitLfsExample/Maze
Using Asset Import Pipeline V2.
Refreshing native plugins compatible for Editor in 74.34 ms, found 2 plugins.
Preloading 0 native plugins for Editor in 0.00 ms.
Initialize engine version: 2020.3.22f1 (e1a7f79fd887)
[Subsystems] Discovering subsystems at path /Applications/Unity/Hub/Editor/2020.3.22f1/Unity.app/Contents/Resources/UnitySubsystems
[Subsystems] Discovering subsystems at path /Users/nawalaleissa/Documents/GitHub/UnityGitLfsExample/Maze/Assets
GfxDevice: creating device client; threaded=0
2022-07-24 12:08:41.096 Unity[13079:243427] Color LCD preferred device: Intel HD Graphics 5000 (low power)
2022-07-24 12:08:41.096 Unity[13079:243427] Metal devices available: 1
2022-07-24 12:08:41.096 Unity[13079:243427] 0: Intel HD Graphics 5000 (low power)
2022-07-24 12:08:41.097 Unity[13079:243427] Using device Intel HD Graphics 5000 (low power)
Initializing Metal device caps: Intel HD Graphics 5000
Initialize mono
Mono path[0] = '/Applications/Unity/Hub/Editor/2020.3.22f1/Unity.app/Contents/Managed'
Mono path[1] = '/Applications/Unity/Hub/Editor/2020.3.22f1/Unity.app/Contents/MonoBleedingEdge/lib/mono/unityjit'
Mono config path = '/Applications/Unity/Hub/Editor/2020.3.22f1/Unity.app/Contents/MonoBleedingEdge/etc'
Using monoOptions --debugger-agent=transport=dt_socket,embedding=1,server=y,suspend=n,address=127.0.0.1:56079
Begin MonoManager ReloadAssembly
Registering precompiled unity dll's ...
Register platform support module: /Applications/Unity/Hub/Editor/2020.3.22f1/PlaybackEngines/WebGLSupport/UnityEditor.WebGL.Extensions.dll
Register platform support module: /Applications/Unity/Hub/Editor/2020.3.22f1/Unity.app/Contents/PlaybackEngines/MacStandaloneSupport/UnityEditor.OSXStandalone.Extensions.dll
Registered in 0.005298 seconds.
Native extension for OSXStandalone target not found
Native extension for WebGL target not found
Refreshing native plugins compatible for Editor in 56.89 ms, found 2 plugins.
Preloading 0 native plugins for Editor in 0.00 ms.
Mono: successfully reloaded assembly
- Completed reload, in  9.270 seconds
Domain Reload Profiling:
	ReloadAssembly (9271ms)
		BeginReloadAssembly (72ms)
			ExecutionOrderSort (0ms)
			DisableScriptedObjects (0ms)
			BackupInstance (0ms)
			ReleaseScriptingObjects (0ms)
			CreateAndSetChildDomain (2ms)
		EndReloadAssembly (1011ms)
			LoadAssemblies (76ms)
			RebuildTransferFunctionScriptingTraits (0ms)
			SetupTypeCache (392ms)
			ReleaseScriptCaches (0ms)
			RebuildScriptCaches (81ms)
			SetupLoadedEditorAssemblies (354ms)
				LogAssemblyErrors (0ms)
				InitializePlatformSupportModulesInManaged (11ms)
				SetLoadedEditorAssemblies (1ms)
				RefreshPlugins (57ms)
				BeforeProcessingInitializeOnLoad (17ms)
				ProcessInitializeOnLoadAttributes (203ms)
				ProcessInitializeOnLoadMethodAttributes (66ms)
				AfterProcessingInitializeOnLoad (0ms)
				EditorAssembliesLoaded (0ms)
			ExecutionOrderSort2 (0ms)
			AwakeInstancesAfterBackupRestoration (0ms)
Platform modules already initialized, skipping
Registering precompiled user dll's ...
Registered in 0.012733 seconds.
Begin MonoManager ReloadAssembly
Native extension for OSXStandalone target not found
Native extension for WebGL target not found
Refreshing native plugins compatible for Editor in 0.47 ms, found 2 plugins.
Preloading 0 native plugins for Editor in 0.00 ms.
Mono: successfully reloaded assembly
- Completed reload, in  2.186 seconds
Domain Reload Profiling:
	ReloadAssembly (2189ms)
		BeginReloadAssembly (370ms)
			ExecutionOrderSort (0ms)
			DisableScriptedObjects (10ms)
			BackupInstance (0ms)
			ReleaseScriptingObjects (0ms)
			CreateAndSetChildDomain (92ms)
		EndReloadAssembly (1683ms)
			LoadAssemblies (214ms)
			RebuildTransferFunctionScriptingTraits (0ms)
			SetupTypeCache (646ms)
			ReleaseScriptCaches (1ms)
			RebuildScriptCaches (90ms)
			SetupLoadedEditorAssemblies (542ms)
				LogAssemblyErrors (0ms)
				InitializePlatformSupportModulesInManaged (10ms)
				SetLoadedEditorAssemblies (1ms)
				RefreshPlugins (1ms)
				BeforeProcessingInitializeOnLoad (84ms)
				ProcessInitializeOnLoadAttributes (425ms)
				ProcessInitializeOnLoadMethodAttributes (18ms)
				AfterProcessingInitializeOnLoad (3ms)
				EditorAssembliesLoaded (0ms)
			ExecutionOrderSort2 (0ms)
			AwakeInstancesAfterBackupRestoration (13ms)
Platform modules already initialized, skipping
Validating Project structure ... 0.001901 seconds.
Shader import version has changed; will reimport all shaders...
Upgrading shader files ...0.000812 seconds.
Application.AssetDatabase Initial Script Refresh Start
RefreshInfo: InitialScriptRefreshV2(NoUpdateAssetOptions) scanfilter:  ... 1 filters
RefreshProfiler: Total: 0.000ms
Application.AssetDatabase Initial Script Refresh End
Application.AssetDatabase.Refresh Start
Application.AssetDatabase.Refresh End
RefreshInfo: StopAssetImportingV2(ForceSynchronousImport) scanfilter: 
RefreshProfiler: Total: 0.000ms
Launching external process: /Applications/Unity/Hub/Editor/2020.3.22f1/Unity.app/Contents/Tools/UnityShaderCompiler
Launched and connected shader compiler UnityShaderCompiler after 0.04 seconds
Initializing Unity extensions:
========================================================================
Worker process is ready to serve import requests
Refreshing native plugins compatible for Editor in 0.41 ms, found 2 plugins.
Preloading 0 native plugins for Editor in 0.00 ms.
Unloading 1490 Unused Serialized files (Serialized files now loaded: 0)
System memory in use before: 175.8 MB.
System memory in use after: 175.7 MB.

Unloading 76 unused Assets to reduce memory usage. Loaded Objects now: 1977.
Total: 10.798274 ms (FindLiveObjects: 0.800627 ms CreateObjectMapping: 0.450397 ms MarkObjects: 8.653989 ms  DeleteObjects: 0.890582 ms)

AssetImportParameters requested are different than current active one (requested -> active):
  custom:video-decoder-ogg-theora: a1e56fd34408186e4bbccfd4996cb3dc -> 
  custom:container-muxer-webm: aa71ff27fc2769a1b78a27578f13a17b -> 
  custom:container-demuxer-webm: 4f35f7cbe854078d1ac9338744f61a02 -> 
  custom:container-demuxer-ogg: 62fdf1f143b41e24485cea50d1cbac27 -> 
  custom:video-encoder-webm-vp8: eb34c28f22e8b96e1ab97ce403110664 -> 
  custom:framework-osx-AVFoundation: e770b220cccbd017edd2c1fefb359320 -> 
  custom:video-decoder-webm-vp8: 9c59270c3fd7afecdb556c50c9e8de78 -> 
  custom:audio-decoder-ogg-vorbis: bf7c407c2cedff20999df2af8eb42d56 -> 
  custom:audio-encoder-webm-vorbis: bf7c407c2cedff20999df2af8eb42d56 -> 
========================================================================
Received Import Request.
  path: ProjectSettings/TagManager.asset
  artifactKey: Guid(00000000000000003000000000000000) Importer(815301076,1909f56bfc062723c751e8b465ee728b)
Start importing ProjectSettings/TagManager.asset using Guid(00000000000000003000000000000000) Importer(815301076,1909f56bfc062723c751e8b465ee728b)  -> (artifact id: 'ce6a35c3cddc746e7501c0bd0ed6d4ce') in 2.250240 seconds 
  Import took 2.258776 seconds .

========================================================================
Received Import Request.
  Time since last request: 836.919322 seconds.
  path: Assets/Materials/New Material 6.mat
  artifactKey: Guid(cdf86ef2fc37744f8b54dc9020f4d07c) Importer(815301076,1909f56bfc062723c751e8b465ee728b)
Start importing Assets/Materials/New Material 6.mat using Guid(cdf86ef2fc37744f8b54dc9020f4d07c) Importer(815301076,1909f56bfc062723c751e8b465ee728b)  -> (artifact id: '1715df2398dd3eb0cec776f18be502f9') in 1.192369 seconds 
  Import took 1.232142 seconds .

========================================================================
Received Import Request.
  Time since last request: 2269.518771 seconds.
  path: Assets/Scenes/SampleScene.scenetemplate
  artifactKey: Guid(d4409cd8eadfb4c319b8ba871dcee58f) Importer(815301076,1909f56bfc062723c751e8b465ee728b)
Start importing Assets/Scenes/SampleScene.scenetemplate using Guid(d4409cd8eadfb4c319b8ba871dcee58f) Importer(815301076,1909f56bfc062723c751e8b465ee728b)  -> (artifact id: '13575bc02594c977cbc908fb094e1a8d') in 0.613013 seconds 
  Import took 0.661305 seconds .

========================================================================
Received Import Request.
  Time since last request: 10.045215 seconds.
  path: Assets/Scenes/Maze.scenetemplate
  artifactKey: Guid(d4409cd8eadfb4c319b8ba871dcee58f) Importer(815301076,1909f56bfc062723c751e8b465ee728b)
Start importing Assets/Scenes/Maze.scenetemplate using Guid(d4409cd8eadfb4c319b8ba871dcee58f) Importer(815301076,1909f56bfc062723c751e8b465ee728b)  -> (artifact id: '08745267d423984bb05225d0a6877807') in 0.030834 seconds 
  Import took 0.040925 seconds .

========================================================================
Received Import Request.
  Time since last request: 173.033439 seconds.
  path: Assets/Scenes/SampleScene.unity
  artifactKey: Guid(9fc0d4010bbf28b4594072e72b8655ab) Importer(815301076,1909f56bfc062723c751e8b465ee728b)
Start importing Assets/Scenes/SampleScene.unity using Guid(9fc0d4010bbf28b4594072e72b8655ab) Importer(815301076,1909f56bfc062723c751e8b465ee728b)  -> (artifact id: '0718f5b597f8ad461a8ec8a295a16dbd') in 0.037758 seconds 
  Import took 0.071958 seconds .

========================================================================
Received Import Request.
  Time since last request: 111.985850 seconds.
  path: Assets/New Terrain.asset
  artifactKey: Guid(c167779b16dd7430090e4398774db5b1) Importer(815301076,1909f56bfc062723c751e8b465ee728b)
Start importing Assets/New Terrain.asset using Guid(c167779b16dd7430090e4398774db5b1) Importer(815301076,1909f56bfc062723c751e8b465ee728b)  -> (artifact id: 'efa74d7804b32d3e7edb6a862c81f387') in 0.067405 seconds 
  Import took 0.081749 seconds .

========================================================================
Received Import Request.
  Time since last request: 18.249664 seconds.
  path: Assets/MazeAssignment
  artifactKey: Guid(17ee9878f635f4ef0bfffd907e21bac3) Importer(815301076,1909f56bfc062723c751e8b465ee728b)
Start importing Assets/MazeAssignment using Guid(17ee9878f635f4ef0bfffd907e21bac3) Importer(815301076,1909f56bfc062723c751e8b465ee728b)  -> (artifact id: '42b95ac6425f32692da44d816e858967') in 0.006907 seconds 
  Import took 0.015511 seconds .

========================================================================
Received Import Request.
  Time since last request: 144.102799 seconds.
  path: Assets/Scenes/MazeScene.unity
  artifactKey: Guid(9fc0d4010bbf28b4594072e72b8655ab) Importer(815301076,1909f56bfc062723c751e8b465ee728b)
Start importing Assets/Scenes/MazeScene.unity using Guid(9fc0d4010bbf28b4594072e72b8655ab) Importer(815301076,1909f56bfc062723c751e8b465ee728b)  -> (artifact id: '7d2c42454e78e55a70cb03a980cb9087') in 0.006893 seconds 
  Import took 0.022103 seconds .

