Unity Editor version:    2020.3.22f1 (e1a7f79fd887)
Branch:                  2020.3/staging
Build type:              Release
Batch mode:              YES
macOS version:           Version 11.6.5 (Build 20G527)
Darwin version:          20.6.0
Architecture:            x86_64
Running under Rosetta:   NO
Available memory:        4096 MB
Using pre-set license
Pro License: NO

COMMAND LINE ARGUMENTS:
/Applications/Unity/Hub/Editor/2020.3.22f1/Unity.app/Contents/MacOS/Unity
-adb2
-batchMode
-noUpm
-name
AssetImportWorker0
-projectPath
/Users/nawalaleissa/Documents/GitHub/UnityGitLfsExample/Maze
-logFile
Logs/AssetImportWorker0.log
-srvPort
51282
Successfully changed project path to: /Users/nawalaleissa/Documents/GitHub/UnityGitLfsExample/Maze
/Users/nawalaleissa/Documents/GitHub/UnityGitLfsExample/Maze
Using Asset Import Pipeline V2.
Refreshing native plugins compatible for Editor in 58.42 ms, found 2 plugins.
Preloading 0 native plugins for Editor in 0.00 ms.
Initialize engine version: 2020.3.22f1 (e1a7f79fd887)
[Subsystems] Discovering subsystems at path /Applications/Unity/Hub/Editor/2020.3.22f1/Unity.app/Contents/Resources/UnitySubsystems
[Subsystems] Discovering subsystems at path /Users/nawalaleissa/Documents/GitHub/UnityGitLfsExample/Maze/Assets
GfxDevice: creating device client; threaded=0
2022-07-24 04:44:23.104 Unity[7522:151863] Color LCD preferred device: Intel HD Graphics 5000 (low power)
2022-07-24 04:44:23.104 Unity[7522:151863] Metal devices available: 1
2022-07-24 04:44:23.104 Unity[7522:151863] 0: Intel HD Graphics 5000 (low power)
2022-07-24 04:44:23.105 Unity[7522:151863] Using device Intel HD Graphics 5000 (low power)
Initializing Metal device caps: Intel HD Graphics 5000
Initialize mono
Mono path[0] = '/Applications/Unity/Hub/Editor/2020.3.22f1/Unity.app/Contents/Managed'
Mono path[1] = '/Applications/Unity/Hub/Editor/2020.3.22f1/Unity.app/Contents/MonoBleedingEdge/lib/mono/unityjit'
Mono config path = '/Applications/Unity/Hub/Editor/2020.3.22f1/Unity.app/Contents/MonoBleedingEdge/etc'
Using monoOptions --debugger-agent=transport=dt_socket,embedding=1,server=y,suspend=n,address=127.0.0.1:56522
Begin MonoManager ReloadAssembly
Registering precompiled unity dll's ...
Register platform support module: /Applications/Unity/Hub/Editor/2020.3.22f1/PlaybackEngines/WebGLSupport/UnityEditor.WebGL.Extensions.dll
Register platform support module: /Applications/Unity/Hub/Editor/2020.3.22f1/Unity.app/Contents/PlaybackEngines/MacStandaloneSupport/UnityEditor.OSXStandalone.Extensions.dll
Registered in 0.004598 seconds.
Native extension for OSXStandalone target not found
Native extension for WebGL target not found
Refreshing native plugins compatible for Editor in 65.67 ms, found 2 plugins.
Preloading 0 native plugins for Editor in 0.00 ms.
Mono: successfully reloaded assembly
- Completed reload, in  8.241 seconds
Domain Reload Profiling:
	ReloadAssembly (8241ms)
		BeginReloadAssembly (93ms)
			ExecutionOrderSort (0ms)
			DisableScriptedObjects (0ms)
			BackupInstance (0ms)
			ReleaseScriptingObjects (0ms)
			CreateAndSetChildDomain (2ms)
		EndReloadAssembly (1000ms)
			LoadAssemblies (96ms)
			RebuildTransferFunctionScriptingTraits (0ms)
			SetupTypeCache (382ms)
			ReleaseScriptCaches (0ms)
			RebuildScriptCaches (114ms)
			SetupLoadedEditorAssemblies (338ms)
				LogAssemblyErrors (0ms)
				InitializePlatformSupportModulesInManaged (12ms)
				SetLoadedEditorAssemblies (1ms)
				RefreshPlugins (66ms)
				BeforeProcessingInitializeOnLoad (14ms)
				ProcessInitializeOnLoadAttributes (190ms)
				ProcessInitializeOnLoadMethodAttributes (54ms)
				AfterProcessingInitializeOnLoad (0ms)
				EditorAssembliesLoaded (0ms)
			ExecutionOrderSort2 (0ms)
			AwakeInstancesAfterBackupRestoration (0ms)
Platform modules already initialized, skipping
Registering precompiled user dll's ...
Registered in 0.009715 seconds.
Begin MonoManager ReloadAssembly
Native extension for OSXStandalone target not found
Native extension for WebGL target not found
Refreshing native plugins compatible for Editor in 0.72 ms, found 2 plugins.
Preloading 0 native plugins for Editor in 0.00 ms.
Mono: successfully reloaded assembly
- Completed reload, in  3.693 seconds
Domain Reload Profiling:
	ReloadAssembly (3697ms)
		BeginReloadAssembly (492ms)
			ExecutionOrderSort (0ms)
			DisableScriptedObjects (24ms)
			BackupInstance (0ms)
			ReleaseScriptingObjects (0ms)
			CreateAndSetChildDomain (113ms)
		EndReloadAssembly (3021ms)
			LoadAssemblies (298ms)
			RebuildTransferFunctionScriptingTraits (0ms)
			SetupTypeCache (969ms)
			ReleaseScriptCaches (1ms)
			RebuildScriptCaches (143ms)
			SetupLoadedEditorAssemblies (1354ms)
				LogAssemblyErrors (0ms)
				InitializePlatformSupportModulesInManaged (12ms)
				SetLoadedEditorAssemblies (1ms)
				RefreshPlugins (1ms)
				BeforeProcessingInitializeOnLoad (124ms)
				ProcessInitializeOnLoadAttributes (1174ms)
				ProcessInitializeOnLoadMethodAttributes (35ms)
				AfterProcessingInitializeOnLoad (8ms)
				EditorAssembliesLoaded (1ms)
			ExecutionOrderSort2 (0ms)
			AwakeInstancesAfterBackupRestoration (28ms)
Platform modules already initialized, skipping
Validating Project structure ... 0.000548 seconds.
Shader import version has changed; will reimport all shaders...
Upgrading shader files ...0.000630 seconds.
Application.AssetDatabase Initial Script Refresh Start
RefreshInfo: InitialScriptRefreshV2(NoUpdateAssetOptions) scanfilter:  ... 1 filters
RefreshProfiler: Total: 0.000ms
Application.AssetDatabase Initial Script Refresh End
Application.AssetDatabase.Refresh Start
Application.AssetDatabase.Refresh End
RefreshInfo: StopAssetImportingV2(ForceSynchronousImport) scanfilter: 
RefreshProfiler: Total: 0.000ms
Launching external process: /Applications/Unity/Hub/Editor/2020.3.22f1/Unity.app/Contents/Tools/UnityShaderCompiler
Launched and connected shader compiler UnityShaderCompiler after 0.02 seconds
Initializing Unity extensions:
========================================================================
Worker process is ready to serve import requests
Refreshing native plugins compatible for Editor in 0.46 ms, found 2 plugins.
Preloading 0 native plugins for Editor in 0.00 ms.
Unloading 1489 Unused Serialized files (Serialized files now loaded: 0)
System memory in use before: 175.2 MB.
System memory in use after: 175.0 MB.

Unloading 77 unused Assets to reduce memory usage. Loaded Objects now: 1973.
Total: 7.344826 ms (FindLiveObjects: 0.256580 ms CreateObjectMapping: 0.087906 ms MarkObjects: 6.138964 ms  DeleteObjects: 0.856846 ms)

AssetImportParameters requested are different than current active one (requested -> active):
  custom:video-decoder-ogg-theora: a1e56fd34408186e4bbccfd4996cb3dc -> 
  custom:container-muxer-webm: aa71ff27fc2769a1b78a27578f13a17b -> 
  custom:container-demuxer-webm: 4f35f7cbe854078d1ac9338744f61a02 -> 
  custom:container-demuxer-ogg: 62fdf1f143b41e24485cea50d1cbac27 -> 
  custom:video-encoder-webm-vp8: eb34c28f22e8b96e1ab97ce403110664 -> 
  custom:framework-osx-AVFoundation: e770b220cccbd017edd2c1fefb359320 -> 
  custom:video-decoder-webm-vp8: 9c59270c3fd7afecdb556c50c9e8de78 -> 
  custom:audio-decoder-ogg-vorbis: bf7c407c2cedff20999df2af8eb42d56 -> 
  custom:audio-encoder-webm-vorbis: bf7c407c2cedff20999df2af8eb42d56 -> 
========================================================================
Received Import Request.
  path: Assets/New Terrain.asset
  artifactKey: Guid(c167779b16dd7430090e4398774db5b1) Importer(815301076,1909f56bfc062723c751e8b465ee728b)
Start importing Assets/New Terrain.asset using Guid(c167779b16dd7430090e4398774db5b1) Importer(815301076,1909f56bfc062723c751e8b465ee728b)  -> (artifact id: '8733a84ffbf86001efac022e1b0962ec') in 1.575393 seconds 
  Import took 1.583873 seconds .

========================================================================
Received Import Request.
  Time since last request: 179.655334 seconds.
  path: Assets/Materials
  artifactKey: Guid(385286c0e6d6642e98c242f5ff3c4991) Importer(815301076,1909f56bfc062723c751e8b465ee728b)
Start importing Assets/Materials using Guid(385286c0e6d6642e98c242f5ff3c4991) Importer(815301076,1909f56bfc062723c751e8b465ee728b)  -> (artifact id: 'fff2361ec570be99924a0fc399e966fe') in 0.003080 seconds 
  Import took 0.007986 seconds .

========================================================================
Received Import Request.
  Time since last request: 8.357378 seconds.
  path: Assets/Materials/New Material.mat
  artifactKey: Guid(340d0aa67316b42edb49e4d27f2cd519) Importer(815301076,1909f56bfc062723c751e8b465ee728b)
Start importing Assets/Materials/New Material.mat using Guid(340d0aa67316b42edb49e4d27f2cd519) Importer(815301076,1909f56bfc062723c751e8b465ee728b)  -> (artifact id: '64e82c3129a65b25c14c7f2e145f97a0') in 0.720107 seconds 
  Import took 0.728370 seconds .

========================================================================
Received Import Request.
  Time since last request: 67.958958 seconds.
  path: Assets/Materials/Metallic White.mat
  artifactKey: Guid(340d0aa67316b42edb49e4d27f2cd519) Importer(815301076,1909f56bfc062723c751e8b465ee728b)
Start importing Assets/Materials/Metallic White.mat using Guid(340d0aa67316b42edb49e4d27f2cd519) Importer(815301076,1909f56bfc062723c751e8b465ee728b)  -> (artifact id: 'c6ee590c2e9772fbc063d9625d22fc41') in 0.028425 seconds 
  Import took 0.036681 seconds .

========================================================================
Received Import Request.
  Time since last request: 5.799554 seconds.
  path: Assets/Materials/New Material.mat
  artifactKey: Guid(45f7125df95a04540860f9d97743b8ac) Importer(815301076,1909f56bfc062723c751e8b465ee728b)
Start importing Assets/Materials/New Material.mat using Guid(45f7125df95a04540860f9d97743b8ac) Importer(815301076,1909f56bfc062723c751e8b465ee728b)  -> (artifact id: 'a0dd917a4fd842f98dacd903ebf803fd') in 0.025123 seconds 
  Import took 0.033807 seconds .

========================================================================
Received Import Request.
  Time since last request: 31.238742 seconds.
  path: Assets/Materials/New Material 1.mat
  artifactKey: Guid(fd9d583671fb34651a3ca2dc69013544) Importer(815301076,1909f56bfc062723c751e8b465ee728b)
Start importing Assets/Materials/New Material 1.mat using Guid(fd9d583671fb34651a3ca2dc69013544) Importer(815301076,1909f56bfc062723c751e8b465ee728b)  -> (artifact id: '97ad0f9c2cfcb97c7d2d71d12fd52609') in 0.024537 seconds 
  Import took 0.032700 seconds .

========================================================================
Received Import Request.
  Time since last request: 25.848754 seconds.
  path: Assets/Materials/New Material 2.mat
  artifactKey: Guid(25d9e2ffddf5147ca89ecf2c7b382aeb) Importer(815301076,1909f56bfc062723c751e8b465ee728b)
Start importing Assets/Materials/New Material 2.mat using Guid(25d9e2ffddf5147ca89ecf2c7b382aeb) Importer(815301076,1909f56bfc062723c751e8b465ee728b)  -> (artifact id: '27892b02b7cd99875e6da893697d2418') in 0.023752 seconds 
  Import took 0.030961 seconds .

========================================================================
Received Import Request.
  Time since last request: 47.401037 seconds.
  path: Assets/Materials/New Material 3.mat
  artifactKey: Guid(c9d8ca30cbccc457b94e9be663a51a1a) Importer(815301076,1909f56bfc062723c751e8b465ee728b)
Start importing Assets/Materials/New Material 3.mat using Guid(c9d8ca30cbccc457b94e9be663a51a1a) Importer(815301076,1909f56bfc062723c751e8b465ee728b)  -> (artifact id: '847793583398ce9610fd5d016757e1c6') in 0.031842 seconds 
  Import took 0.040467 seconds .

========================================================================
Received Import Request.
  Time since last request: 55.301346 seconds.
  path: Assets/Materials/New Material 4.mat
  artifactKey: Guid(ee0287c8580ff46968e96dcf2c9fc018) Importer(815301076,1909f56bfc062723c751e8b465ee728b)
Start importing Assets/Materials/New Material 4.mat using Guid(ee0287c8580ff46968e96dcf2c9fc018) Importer(815301076,1909f56bfc062723c751e8b465ee728b)  -> (artifact id: '305c52172becb0e79b582f9a8ce0cf22') in 0.024980 seconds 
  Import took 0.033767 seconds .

========================================================================
Received Import Request.
  Time since last request: 43.212352 seconds.
  path: Assets/Materials/New Material 5.mat
  artifactKey: Guid(02bb15f2cbbfd468081ba7a655c656c6) Importer(815301076,1909f56bfc062723c751e8b465ee728b)
Start importing Assets/Materials/New Material 5.mat using Guid(02bb15f2cbbfd468081ba7a655c656c6) Importer(815301076,1909f56bfc062723c751e8b465ee728b)  -> (artifact id: 'c65cc68af4f3c624b9cddeca829da23c') in 0.027771 seconds 
  Import took 0.034088 seconds .

========================================================================
Received Import Request.
  Time since last request: 66.599074 seconds.
  path: Assets/New Material.mat
  artifactKey: Guid(5ebf697c6e12f48b8be42048bf4c3371) Importer(815301076,1909f56bfc062723c751e8b465ee728b)
Start importing Assets/New Material.mat using Guid(5ebf697c6e12f48b8be42048bf4c3371) Importer(815301076,1909f56bfc062723c751e8b465ee728b)  -> (artifact id: 'e1b9b5c21d175102447fb6571f4cd486') in 0.024451 seconds 
  Import took 0.031333 seconds .

========================================================================
Received Import Request.
  Time since last request: 61.139515 seconds.
  path: Assets/New Material.mat
  artifactKey: Guid(5ebf697c6e12f48b8be42048bf4c3371) Importer(815301076,1909f56bfc062723c751e8b465ee728b)
Start importing Assets/New Material.mat using Guid(5ebf697c6e12f48b8be42048bf4c3371) Importer(815301076,1909f56bfc062723c751e8b465ee728b)  -> (artifact id: '9ff1511bf49dbca12fd006ca89030555') in 0.025212 seconds 
  Import took 0.033843 seconds .

========================================================================
Received Import Request.
  Time since last request: 12.008958 seconds.
  path: Assets/Materials/New Material 1.mat
  artifactKey: Guid(fd9d583671fb34651a3ca2dc69013544) Importer(815301076,1909f56bfc062723c751e8b465ee728b)
Start importing Assets/Materials/New Material 1.mat using Guid(fd9d583671fb34651a3ca2dc69013544) Importer(815301076,1909f56bfc062723c751e8b465ee728b)  -> (artifact id: '6d7cfff071986b9e0a342bfc6be56621') in 0.028448 seconds 
  Import took 0.036550 seconds .

========================================================================
Received Import Request.
  Time since last request: 0.000437 seconds.
  path: Assets/Materials/New Material.mat
  artifactKey: Guid(45f7125df95a04540860f9d97743b8ac) Importer(815301076,1909f56bfc062723c751e8b465ee728b)
Start importing Assets/Materials/New Material.mat using Guid(45f7125df95a04540860f9d97743b8ac) Importer(815301076,1909f56bfc062723c751e8b465ee728b)  -> (artifact id: '507e569966b309a76c9f9f40e00b5563') in 0.023085 seconds 
  Import took 0.031977 seconds .

========================================================================
Received Import Request.
  Time since last request: 0.000844 seconds.
  path: Assets/Materials/New Material 3.mat
  artifactKey: Guid(c9d8ca30cbccc457b94e9be663a51a1a) Importer(815301076,1909f56bfc062723c751e8b465ee728b)
Start importing Assets/Materials/New Material 3.mat using Guid(c9d8ca30cbccc457b94e9be663a51a1a) Importer(815301076,1909f56bfc062723c751e8b465ee728b)  -> (artifact id: '71a14c77c0f5f89136187340e5970499') in 0.026787 seconds 
  Import took 0.034598 seconds .

========================================================================
Received Import Request.
  Time since last request: 0.000399 seconds.
  path: Assets/Materials/New Material 2.mat
  artifactKey: Guid(25d9e2ffddf5147ca89ecf2c7b382aeb) Importer(815301076,1909f56bfc062723c751e8b465ee728b)
Start importing Assets/Materials/New Material 2.mat using Guid(25d9e2ffddf5147ca89ecf2c7b382aeb) Importer(815301076,1909f56bfc062723c751e8b465ee728b)  -> (artifact id: '4044d841a3f0926f294b16ee60e5f6a9') in 0.028700 seconds 
  Import took 0.034207 seconds .

========================================================================
Received Import Request.
  Time since last request: 0.000537 seconds.
  path: Assets/Materials/New Material 4.mat
  artifactKey: Guid(ee0287c8580ff46968e96dcf2c9fc018) Importer(815301076,1909f56bfc062723c751e8b465ee728b)
Start importing Assets/Materials/New Material 4.mat using Guid(ee0287c8580ff46968e96dcf2c9fc018) Importer(815301076,1909f56bfc062723c751e8b465ee728b)  -> (artifact id: '61719ecb5a3d6bc5a10a15064cd4dbe6') in 0.028741 seconds 
  Import took 0.034283 seconds .

========================================================================
Received Import Request.
  Time since last request: 0.000547 seconds.
  path: Assets/Materials/New Material 5.mat
  artifactKey: Guid(02bb15f2cbbfd468081ba7a655c656c6) Importer(815301076,1909f56bfc062723c751e8b465ee728b)
Start importing Assets/Materials/New Material 5.mat using Guid(02bb15f2cbbfd468081ba7a655c656c6) Importer(815301076,1909f56bfc062723c751e8b465ee728b)  -> (artifact id: '534f3138a3164c3d9c58b01e72461480') in 0.028322 seconds 
  Import took 0.034203 seconds .

========================================================================
Received Import Request.
  Time since last request: 1168.931894 seconds.
  path: Assets/Scripts
  artifactKey: Guid(ce3081a1738594658b54c48f209e0386) Importer(815301076,1909f56bfc062723c751e8b465ee728b)
Start importing Assets/Scripts using Guid(ce3081a1738594658b54c48f209e0386) Importer(815301076,1909f56bfc062723c751e8b465ee728b)  -> (artifact id: '55e73e6aa2d027d677dda07682fcae55') in 0.003310 seconds 
  Import took 0.011598 seconds .

========================================================================
Received Import Request.
  Time since last request: 14.213403 seconds.
  path: Assets/Scripts/Movement.cs
  artifactKey: Guid(3223ff9f164c844ce86fe4d317d89d68) Importer(815301076,1909f56bfc062723c751e8b465ee728b)
Start importing Assets/Scripts/Movement.cs using Guid(3223ff9f164c844ce86fe4d317d89d68) Importer(815301076,1909f56bfc062723c751e8b465ee728b)  -> (artifact id: '76622a519d6b9d22aef45129a406b5e3') in 0.728785 seconds 
  Import took 0.735113 seconds .

========================================================================
Received Prepare
Registering precompiled user dll's ...
Registered in 0.008318 seconds.
Begin MonoManager ReloadAssembly
Native extension for OSXStandalone target not found
Native extension for WebGL target not found
Refreshing native plugins compatible for Editor in 0.45 ms, found 2 plugins.
Preloading 0 native plugins for Editor in 0.00 ms.
Mono: successfully reloaded assembly
- Completed reload, in  2.219 seconds
Domain Reload Profiling:
	ReloadAssembly (2223ms)
		BeginReloadAssembly (321ms)
			ExecutionOrderSort (0ms)
			DisableScriptedObjects (18ms)
			BackupInstance (0ms)
			ReleaseScriptingObjects (0ms)
			CreateAndSetChildDomain (185ms)
		EndReloadAssembly (1790ms)
			LoadAssemblies (171ms)
			RebuildTransferFunctionScriptingTraits (0ms)
			SetupTypeCache (650ms)
			ReleaseScriptCaches (1ms)
			RebuildScriptCaches (91ms)
			SetupLoadedEditorAssemblies (627ms)
				LogAssemblyErrors (0ms)
				InitializePlatformSupportModulesInManaged (12ms)
				SetLoadedEditorAssemblies (1ms)
				RefreshPlugins (1ms)
				BeforeProcessingInitializeOnLoad (207ms)
				ProcessInitializeOnLoadAttributes (391ms)
				ProcessInitializeOnLoadMethodAttributes (13ms)
				AfterProcessingInitializeOnLoad (2ms)
				EditorAssembliesLoaded (0ms)
			ExecutionOrderSort2 (0ms)
			AwakeInstancesAfterBackupRestoration (11ms)
Platform modules already initialized, skipping
Refreshing native plugins compatible for Editor in 0.61 ms, found 2 plugins.
Preloading 0 native plugins for Editor in 0.00 ms.
Unloading 1483 Unused Serialized files (Serialized files now loaded: 0)
System memory in use before: 187.3 MB.
System memory in use after: 187.4 MB.

Unloading 15 unused Assets to reduce memory usage. Loaded Objects now: 2016.
Total: 6.561261 ms (FindLiveObjects: 0.373730 ms CreateObjectMapping: 0.081801 ms MarkObjects: 5.996118 ms  DeleteObjects: 0.092783 ms)

AssetImportParameters requested are different than current active one (requested -> active):
  custom:video-decoder-ogg-theora: a1e56fd34408186e4bbccfd4996cb3dc -> 
  custom:container-muxer-webm: aa71ff27fc2769a1b78a27578f13a17b -> 
  custom:container-demuxer-webm: 4f35f7cbe854078d1ac9338744f61a02 -> 
  custom:container-demuxer-ogg: 62fdf1f143b41e24485cea50d1cbac27 -> 
  custom:video-encoder-webm-vp8: eb34c28f22e8b96e1ab97ce403110664 -> 
  custom:framework-osx-AVFoundation: e770b220cccbd017edd2c1fefb359320 -> 
  custom:video-decoder-webm-vp8: 9c59270c3fd7afecdb556c50c9e8de78 -> 
  custom:audio-decoder-ogg-vorbis: bf7c407c2cedff20999df2af8eb42d56 -> 
  custom:audio-encoder-webm-vorbis: bf7c407c2cedff20999df2af8eb42d56 -> 
========================================================================
Received Prepare
Registering precompiled user dll's ...
Registered in 0.004575 seconds.
Begin MonoManager ReloadAssembly
Native extension for OSXStandalone target not found
Native extension for WebGL target not found
Refreshing native plugins compatible for Editor in 0.44 ms, found 2 plugins.
Preloading 0 native plugins for Editor in 0.00 ms.
Mono: successfully reloaded assembly
- Completed reload, in  2.207 seconds
Domain Reload Profiling:
	ReloadAssembly (2209ms)
		BeginReloadAssembly (394ms)
			ExecutionOrderSort (0ms)
			DisableScriptedObjects (16ms)
			BackupInstance (0ms)
			ReleaseScriptingObjects (1ms)
			CreateAndSetChildDomain (264ms)
		EndReloadAssembly (1687ms)
			LoadAssemblies (149ms)
			RebuildTransferFunctionScriptingTraits (0ms)
			SetupTypeCache (636ms)
			ReleaseScriptCaches (1ms)
			RebuildScriptCaches (82ms)
			SetupLoadedEditorAssemblies (604ms)
				LogAssemblyErrors (0ms)
				InitializePlatformSupportModulesInManaged (10ms)
				SetLoadedEditorAssemblies (1ms)
				RefreshPlugins (1ms)
				BeforeProcessingInitializeOnLoad (152ms)
				ProcessInitializeOnLoadAttributes (418ms)
				ProcessInitializeOnLoadMethodAttributes (19ms)
				AfterProcessingInitializeOnLoad (3ms)
				EditorAssembliesLoaded (1ms)
			ExecutionOrderSort2 (0ms)
			AwakeInstancesAfterBackupRestoration (14ms)
Platform modules already initialized, skipping
Refreshing native plugins compatible for Editor in 0.56 ms, found 2 plugins.
Preloading 0 native plugins for Editor in 0.00 ms.
Unloading 1483 Unused Serialized files (Serialized files now loaded: 0)
System memory in use before: 187.5 MB.
System memory in use after: 187.6 MB.

Unloading 14 unused Assets to reduce memory usage. Loaded Objects now: 2018.
Total: 5.862652 ms (FindLiveObjects: 0.399615 ms CreateObjectMapping: 0.076197 ms MarkObjects: 5.330310 ms  DeleteObjects: 0.054869 ms)

AssetImportParameters requested are different than current active one (requested -> active):
  custom:video-decoder-ogg-theora: a1e56fd34408186e4bbccfd4996cb3dc -> 
  custom:container-muxer-webm: aa71ff27fc2769a1b78a27578f13a17b -> 
  custom:container-demuxer-webm: 4f35f7cbe854078d1ac9338744f61a02 -> 
  custom:container-demuxer-ogg: 62fdf1f143b41e24485cea50d1cbac27 -> 
  custom:video-encoder-webm-vp8: eb34c28f22e8b96e1ab97ce403110664 -> 
  custom:framework-osx-AVFoundation: e770b220cccbd017edd2c1fefb359320 -> 
  custom:video-decoder-webm-vp8: 9c59270c3fd7afecdb556c50c9e8de78 -> 
  custom:audio-decoder-ogg-vorbis: bf7c407c2cedff20999df2af8eb42d56 -> 
  custom:audio-encoder-webm-vorbis: bf7c407c2cedff20999df2af8eb42d56 -> 
========================================================================
Received Import Request.
  Time since last request: 198.869406 seconds.
  path: Assets/Materials/New Material 6.mat
  artifactKey: Guid(cdf86ef2fc37744f8b54dc9020f4d07c) Importer(815301076,1909f56bfc062723c751e8b465ee728b)
Start importing Assets/Materials/New Material 6.mat using Guid(cdf86ef2fc37744f8b54dc9020f4d07c) Importer(815301076,1909f56bfc062723c751e8b465ee728b)  -> (artifact id: '682552fc64ddb832bd8236e38e2a5202') in 0.149024 seconds 
  Import took 0.157683 seconds .

========================================================================
Received Prepare
Registering precompiled user dll's ...
Registered in 0.006237 seconds.
Begin MonoManager ReloadAssembly
Native extension for OSXStandalone target not found
Native extension for WebGL target not found
Refreshing native plugins compatible for Editor in 0.49 ms, found 2 plugins.
Preloading 0 native plugins for Editor in 0.00 ms.
Mono: successfully reloaded assembly
- Completed reload, in  1.988 seconds
Domain Reload Profiling:
	ReloadAssembly (1989ms)
		BeginReloadAssembly (209ms)
			ExecutionOrderSort (0ms)
			DisableScriptedObjects (9ms)
			BackupInstance (0ms)
			ReleaseScriptingObjects (0ms)
			CreateAndSetChildDomain (110ms)
		EndReloadAssembly (1660ms)
			LoadAssemblies (164ms)
			RebuildTransferFunctionScriptingTraits (0ms)
			SetupTypeCache (610ms)
			ReleaseScriptCaches (1ms)
			RebuildScriptCaches (84ms)
			SetupLoadedEditorAssemblies (581ms)
				LogAssemblyErrors (0ms)
				InitializePlatformSupportModulesInManaged (11ms)
				SetLoadedEditorAssemblies (1ms)
				RefreshPlugins (1ms)
				BeforeProcessingInitializeOnLoad (154ms)
				ProcessInitializeOnLoadAttributes (392ms)
				ProcessInitializeOnLoadMethodAttributes (19ms)
				AfterProcessingInitializeOnLoad (3ms)
				EditorAssembliesLoaded (0ms)
			ExecutionOrderSort2 (0ms)
			AwakeInstancesAfterBackupRestoration (13ms)
Platform modules already initialized, skipping
Refreshing native plugins compatible for Editor in 0.49 ms, found 2 plugins.
Preloading 0 native plugins for Editor in 0.00 ms.
Unloading 1483 Unused Serialized files (Serialized files now loaded: 0)
System memory in use before: 187.7 MB.
System memory in use after: 187.8 MB.

Unloading 14 unused Assets to reduce memory usage. Loaded Objects now: 2021.
Total: 4.648081 ms (FindLiveObjects: 0.231313 ms CreateObjectMapping: 0.072242 ms MarkObjects: 4.317090 ms  DeleteObjects: 0.025885 ms)

AssetImportParameters requested are different than current active one (requested -> active):
  custom:video-decoder-ogg-theora: a1e56fd34408186e4bbccfd4996cb3dc -> 
  custom:container-muxer-webm: aa71ff27fc2769a1b78a27578f13a17b -> 
  custom:container-demuxer-webm: 4f35f7cbe854078d1ac9338744f61a02 -> 
  custom:container-demuxer-ogg: 62fdf1f143b41e24485cea50d1cbac27 -> 
  custom:video-encoder-webm-vp8: eb34c28f22e8b96e1ab97ce403110664 -> 
  custom:framework-osx-AVFoundation: e770b220cccbd017edd2c1fefb359320 -> 
  custom:video-decoder-webm-vp8: 9c59270c3fd7afecdb556c50c9e8de78 -> 
  custom:audio-decoder-ogg-vorbis: bf7c407c2cedff20999df2af8eb42d56 -> 
  custom:audio-encoder-webm-vorbis: bf7c407c2cedff20999df2af8eb42d56 -> 
========================================================================
Received Prepare
Registering precompiled user dll's ...
Registered in 0.011272 seconds.
Begin MonoManager ReloadAssembly
Native extension for OSXStandalone target not found
Native extension for WebGL target not found
Refreshing native plugins compatible for Editor in 0.58 ms, found 2 plugins.
Preloading 0 native plugins for Editor in 0.00 ms.
Mono: successfully reloaded assembly
- Completed reload, in  3.069 seconds
Domain Reload Profiling:
	ReloadAssembly (3073ms)
		BeginReloadAssembly (321ms)
			ExecutionOrderSort (0ms)
			DisableScriptedObjects (16ms)
			BackupInstance (0ms)
			ReleaseScriptingObjects (1ms)
			CreateAndSetChildDomain (178ms)
		EndReloadAssembly (2466ms)
			LoadAssemblies (268ms)
			RebuildTransferFunctionScriptingTraits (0ms)
			SetupTypeCache (851ms)
			ReleaseScriptCaches (2ms)
			RebuildScriptCaches (131ms)
			SetupLoadedEditorAssemblies (891ms)
				LogAssemblyErrors (0ms)
				InitializePlatformSupportModulesInManaged (18ms)
				SetLoadedEditorAssemblies (1ms)
				RefreshPlugins (1ms)
				BeforeProcessingInitializeOnLoad (215ms)
				ProcessInitializeOnLoadAttributes (632ms)
				ProcessInitializeOnLoadMethodAttributes (20ms)
				AfterProcessingInitializeOnLoad (3ms)
				EditorAssembliesLoaded (1ms)
			ExecutionOrderSort2 (0ms)
			AwakeInstancesAfterBackupRestoration (16ms)
Platform modules already initialized, skipping
Refreshing native plugins compatible for Editor in 0.73 ms, found 2 plugins.
Preloading 0 native plugins for Editor in 0.00 ms.
Unloading 1483 Unused Serialized files (Serialized files now loaded: 0)
System memory in use before: 187.9 MB.
System memory in use after: 188.0 MB.

Unloading 14 unused Assets to reduce memory usage. Loaded Objects now: 2023.
Total: 6.443507 ms (FindLiveObjects: 0.831198 ms CreateObjectMapping: 0.231394 ms MarkObjects: 5.329154 ms  DeleteObjects: 0.049741 ms)

AssetImportParameters requested are different than current active one (requested -> active):
  custom:video-decoder-ogg-theora: a1e56fd34408186e4bbccfd4996cb3dc -> 
  custom:container-muxer-webm: aa71ff27fc2769a1b78a27578f13a17b -> 
  custom:container-demuxer-webm: 4f35f7cbe854078d1ac9338744f61a02 -> 
  custom:container-demuxer-ogg: 62fdf1f143b41e24485cea50d1cbac27 -> 
  custom:video-encoder-webm-vp8: eb34c28f22e8b96e1ab97ce403110664 -> 
  custom:framework-osx-AVFoundation: e770b220cccbd017edd2c1fefb359320 -> 
  custom:video-decoder-webm-vp8: 9c59270c3fd7afecdb556c50c9e8de78 -> 
  custom:audio-decoder-ogg-vorbis: bf7c407c2cedff20999df2af8eb42d56 -> 
  custom:audio-encoder-webm-vorbis: bf7c407c2cedff20999df2af8eb42d56 -> 
========================================================================
Received Prepare
Registering precompiled user dll's ...
Registered in 0.017387 seconds.
Begin MonoManager ReloadAssembly
Native extension for OSXStandalone target not found
Native extension for WebGL target not found
Refreshing native plugins compatible for Editor in 2.03 ms, found 2 plugins.
Preloading 0 native plugins for Editor in 0.00 ms.
Mono: successfully reloaded assembly
- Completed reload, in  4.002 seconds
Domain Reload Profiling:
	ReloadAssembly (4022ms)
		BeginReloadAssembly (1015ms)
			ExecutionOrderSort (0ms)
			DisableScriptedObjects (77ms)
			BackupInstance (0ms)
			ReleaseScriptingObjects (1ms)
			CreateAndSetChildDomain (542ms)
		EndReloadAssembly (2728ms)
			LoadAssemblies (495ms)
			RebuildTransferFunctionScriptingTraits (5ms)
			SetupTypeCache (915ms)
			ReleaseScriptCaches (5ms)
			RebuildScriptCaches (103ms)
			SetupLoadedEditorAssemblies (1070ms)
				LogAssemblyErrors (0ms)
				InitializePlatformSupportModulesInManaged (22ms)
				SetLoadedEditorAssemblies (2ms)
				RefreshPlugins (3ms)
				BeforeProcessingInitializeOnLoad (259ms)
				ProcessInitializeOnLoadAttributes (746ms)
				ProcessInitializeOnLoadMethodAttributes (28ms)
				AfterProcessingInitializeOnLoad (6ms)
				EditorAssembliesLoaded (3ms)
			ExecutionOrderSort2 (0ms)
			AwakeInstancesAfterBackupRestoration (19ms)
Platform modules already initialized, skipping
Refreshing native plugins compatible for Editor in 0.88 ms, found 2 plugins.
Preloading 0 native plugins for Editor in 0.00 ms.
Unloading 1483 Unused Serialized files (Serialized files now loaded: 0)
System memory in use before: 188.5 MB.
System memory in use after: 188.6 MB.

Unloading 14 unused Assets to reduce memory usage. Loaded Objects now: 2025.
Total: 20.019515 ms (FindLiveObjects: 2.606637 ms CreateObjectMapping: 0.258726 ms MarkObjects: 17.070436 ms  DeleteObjects: 0.080137 ms)

AssetImportParameters requested are different than current active one (requested -> active):
  custom:video-decoder-ogg-theora: a1e56fd34408186e4bbccfd4996cb3dc -> 
  custom:container-muxer-webm: aa71ff27fc2769a1b78a27578f13a17b -> 
  custom:container-demuxer-webm: 4f35f7cbe854078d1ac9338744f61a02 -> 
  custom:container-demuxer-ogg: 62fdf1f143b41e24485cea50d1cbac27 -> 
  custom:video-encoder-webm-vp8: eb34c28f22e8b96e1ab97ce403110664 -> 
  custom:framework-osx-AVFoundation: e770b220cccbd017edd2c1fefb359320 -> 
  custom:video-decoder-webm-vp8: 9c59270c3fd7afecdb556c50c9e8de78 -> 
  custom:audio-decoder-ogg-vorbis: bf7c407c2cedff20999df2af8eb42d56 -> 
  custom:audio-encoder-webm-vorbis: bf7c407c2cedff20999df2af8eb42d56 -> 
AssetImportWorkerClient::OnTransportError - code=2 error=End of file
