Unity Editor version:    2020.3.22f1 (e1a7f79fd887)
Branch:                  2020.3/staging
Build type:              Release
Batch mode:              YES
macOS version:           Version 11.6.5 (Build 20G527)
Darwin version:          20.6.0
Architecture:            x86_64
Running under Rosetta:   NO
Available memory:        4096 MB
Using pre-set license
Pro License: NO

COMMAND LINE ARGUMENTS:
/Applications/Unity/Hub/Editor/2020.3.22f1/Unity.app/Contents/MacOS/Unity
-adb2
-batchMode
-noUpm
-name
AssetImportWorker0
-projectPath
/Users/nawalaleissa/Documents/GitHub/UnityGitLfsExample/SampleGitLfs
-logFile
Logs/AssetImportWorker0.log
-srvPort
50038
Successfully changed project path to: /Users/nawalaleissa/Documents/GitHub/UnityGitLfsExample/SampleGitLfs
/Users/nawalaleissa/Documents/GitHub/UnityGitLfsExample/SampleGitLfs
Using Asset Import Pipeline V2.
Refreshing native plugins compatible for Editor in 166.14 ms, found 2 plugins.
Preloading 0 native plugins for Editor in 0.00 ms.
Initialize engine version: 2020.3.22f1 (e1a7f79fd887)
[Subsystems] Discovering subsystems at path /Applications/Unity/Hub/Editor/2020.3.22f1/Unity.app/Contents/Resources/UnitySubsystems
[Subsystems] Discovering subsystems at path /Users/nawalaleissa/Documents/GitHub/UnityGitLfsExample/SampleGitLfs/Assets
GfxDevice: creating device client; threaded=0
2022-07-19 00:42:17.739 Unity[2467:46419] Color LCD preferred device: Intel HD Graphics 5000 (low power)
2022-07-19 00:42:17.739 Unity[2467:46419] Metal devices available: 1
2022-07-19 00:42:17.739 Unity[2467:46419] 0: Intel HD Graphics 5000 (low power)
2022-07-19 00:42:17.740 Unity[2467:46419] Using device Intel HD Graphics 5000 (low power)
Initializing Metal device caps: Intel HD Graphics 5000
Initialize mono
Mono path[0] = '/Applications/Unity/Hub/Editor/2020.3.22f1/Unity.app/Contents/Managed'
Mono path[1] = '/Applications/Unity/Hub/Editor/2020.3.22f1/Unity.app/Contents/MonoBleedingEdge/lib/mono/unityjit'
Mono config path = '/Applications/Unity/Hub/Editor/2020.3.22f1/Unity.app/Contents/MonoBleedingEdge/etc'
Using monoOptions --debugger-agent=transport=dt_socket,embedding=1,server=y,suspend=n,address=127.0.0.1:56467
Begin MonoManager ReloadAssembly
Registering precompiled unity dll's ...
Register platform support module: /Applications/Unity/Hub/Editor/2020.3.22f1/PlaybackEngines/WebGLSupport/UnityEditor.WebGL.Extensions.dll
Register platform support module: /Applications/Unity/Hub/Editor/2020.3.22f1/Unity.app/Contents/PlaybackEngines/MacStandaloneSupport/UnityEditor.OSXStandalone.Extensions.dll
Registered in 0.004229 seconds.
Native extension for OSXStandalone target not found
Native extension for WebGL target not found
Refreshing native plugins compatible for Editor in 65.87 ms, found 2 plugins.
Preloading 0 native plugins for Editor in 0.00 ms.
Mono: successfully reloaded assembly
- Completed reload, in  6.809 seconds
Domain Reload Profiling:
	ReloadAssembly (6809ms)
		BeginReloadAssembly (96ms)
			ExecutionOrderSort (0ms)
			DisableScriptedObjects (0ms)
			BackupInstance (0ms)
			ReleaseScriptingObjects (0ms)
			CreateAndSetChildDomain (2ms)
		EndReloadAssembly (1008ms)
			LoadAssemblies (99ms)
			RebuildTransferFunctionScriptingTraits (0ms)
			SetupTypeCache (370ms)
			ReleaseScriptCaches (0ms)
			RebuildScriptCaches (101ms)
			SetupLoadedEditorAssemblies (359ms)
				LogAssemblyErrors (0ms)
				InitializePlatformSupportModulesInManaged (10ms)
				SetLoadedEditorAssemblies (1ms)
				RefreshPlugins (66ms)
				BeforeProcessingInitializeOnLoad (17ms)
				ProcessInitializeOnLoadAttributes (206ms)
				ProcessInitializeOnLoadMethodAttributes (59ms)
				AfterProcessingInitializeOnLoad (0ms)
				EditorAssembliesLoaded (0ms)
			ExecutionOrderSort2 (0ms)
			AwakeInstancesAfterBackupRestoration (0ms)
Platform modules already initialized, skipping
Registering precompiled user dll's ...
Registered in 0.011586 seconds.
Begin MonoManager ReloadAssembly
Native extension for OSXStandalone target not found
Native extension for WebGL target not found
Refreshing native plugins compatible for Editor in 0.50 ms, found 2 plugins.
Preloading 0 native plugins for Editor in 0.00 ms.
Mono: successfully reloaded assembly
- Completed reload, in  2.468 seconds
Domain Reload Profiling:
	ReloadAssembly (2470ms)
		BeginReloadAssembly (526ms)
			ExecutionOrderSort (0ms)
			DisableScriptedObjects (9ms)
			BackupInstance (0ms)
			ReleaseScriptingObjects (0ms)
			CreateAndSetChildDomain (139ms)
		EndReloadAssembly (1727ms)
			LoadAssemblies (230ms)
			RebuildTransferFunctionScriptingTraits (0ms)
			SetupTypeCache (600ms)
			ReleaseScriptCaches (1ms)
			RebuildScriptCaches (83ms)
			SetupLoadedEditorAssemblies (649ms)
				LogAssemblyErrors (0ms)
				InitializePlatformSupportModulesInManaged (10ms)
				SetLoadedEditorAssemblies (1ms)
				RefreshPlugins (1ms)
				BeforeProcessingInitializeOnLoad (78ms)
				ProcessInitializeOnLoadAttributes (534ms)
				ProcessInitializeOnLoadMethodAttributes (22ms)
				AfterProcessingInitializeOnLoad (3ms)
				EditorAssembliesLoaded (1ms)
			ExecutionOrderSort2 (0ms)
			AwakeInstancesAfterBackupRestoration (17ms)
Platform modules already initialized, skipping
Validating Project structure ... 0.000301 seconds.
Shader import version has changed; will reimport all shaders...
Upgrading shader files ...0.000540 seconds.
Application.AssetDatabase Initial Script Refresh Start
RefreshInfo: InitialScriptRefreshV2(NoUpdateAssetOptions) scanfilter:  ... 1 filters
RefreshProfiler: Total: 0.000ms
Application.AssetDatabase Initial Script Refresh End
Application.AssetDatabase.Refresh Start
Application.AssetDatabase.Refresh End
RefreshInfo: StopAssetImportingV2(ForceSynchronousImport) scanfilter: 
RefreshProfiler: Total: 0.000ms
Launching external process: /Applications/Unity/Hub/Editor/2020.3.22f1/Unity.app/Contents/Tools/UnityShaderCompiler
Launched and connected shader compiler UnityShaderCompiler after 0.04 seconds
Initializing Unity extensions:
========================================================================
Worker process is ready to serve import requests
Refreshing native plugins compatible for Editor in 0.44 ms, found 2 plugins.
Preloading 0 native plugins for Editor in 0.00 ms.
Unloading 1489 Unused Serialized files (Serialized files now loaded: 0)
System memory in use before: 175.9 MB.
System memory in use after: 175.6 MB.

Unloading 77 unused Assets to reduce memory usage. Loaded Objects now: 1973.
Total: 5.744732 ms (FindLiveObjects: 0.293859 ms CreateObjectMapping: 0.146110 ms MarkObjects: 4.988800 ms  DeleteObjects: 0.314602 ms)

AssetImportParameters requested are different than current active one (requested -> active):
  custom:video-decoder-ogg-theora: a1e56fd34408186e4bbccfd4996cb3dc -> 
  custom:container-muxer-webm: aa71ff27fc2769a1b78a27578f13a17b -> 
  custom:container-demuxer-webm: 4f35f7cbe854078d1ac9338744f61a02 -> 
  custom:container-demuxer-ogg: 62fdf1f143b41e24485cea50d1cbac27 -> 
  custom:video-encoder-webm-vp8: eb34c28f22e8b96e1ab97ce403110664 -> 
  custom:framework-osx-AVFoundation: e770b220cccbd017edd2c1fefb359320 -> 
  custom:video-decoder-webm-vp8: 9c59270c3fd7afecdb556c50c9e8de78 -> 
  custom:audio-decoder-ogg-vorbis: bf7c407c2cedff20999df2af8eb42d56 -> 
  custom:audio-encoder-webm-vorbis: bf7c407c2cedff20999df2af8eb42d56 -> 
========================================================================
Received Import Request.
  path: Assets/New Terrain.asset
  artifactKey: Guid(179f536fba69f42478cae749f94499e7) Importer(815301076,1909f56bfc062723c751e8b465ee728b)
Start importing Assets/New Terrain.asset using Guid(179f536fba69f42478cae749f94499e7) Importer(815301076,1909f56bfc062723c751e8b465ee728b)  -> (artifact id: '923785b4d85a0484b833774669306df7') in 2.746194 seconds 
  Import took 2.752449 seconds .

========================================================================
Received Import Request.
  Time since last request: 530.293211 seconds.
  path: Assets/TerrainData_34220aff-ddb8-4f3a-87c5-949ab30efda4.asset
  artifactKey: Guid(7160a60f04bb04a25b292856fade5d87) Importer(815301076,1909f56bfc062723c751e8b465ee728b)
Start importing Assets/TerrainData_34220aff-ddb8-4f3a-87c5-949ab30efda4.asset using Guid(7160a60f04bb04a25b292856fade5d87) Importer(815301076,1909f56bfc062723c751e8b465ee728b)  -> (artifact id: '06dc8c9501c59d4244b688216a951f99') in 0.022751 seconds 
  Import took 0.034627 seconds .

========================================================================
Received Import Request.
  Time since last request: 2.341028 seconds.
  path: Assets/TerrainData_b5ee14aa-aaf8-40b0-8a17-b60712a04154.asset
  artifactKey: Guid(5e3b2a85d52c545d5bfbcf9d578b44aa) Importer(815301076,1909f56bfc062723c751e8b465ee728b)
Start importing Assets/TerrainData_b5ee14aa-aaf8-40b0-8a17-b60712a04154.asset using Guid(5e3b2a85d52c545d5bfbcf9d578b44aa) Importer(815301076,1909f56bfc062723c751e8b465ee728b)  -> (artifact id: '2d706ff959e83a13e158215d23c0a055') in 0.020452 seconds 
  Import took 0.028930 seconds .

========================================================================
Received Import Request.
  Time since last request: 3.933131 seconds.
  path: Assets/TerrainData_8774fc61-82b3-4061-aa4b-8cb270af61ff.asset
  artifactKey: Guid(9753335b9f7da4ae88013fbfb222683f) Importer(815301076,1909f56bfc062723c751e8b465ee728b)
Start importing Assets/TerrainData_8774fc61-82b3-4061-aa4b-8cb270af61ff.asset using Guid(9753335b9f7da4ae88013fbfb222683f) Importer(815301076,1909f56bfc062723c751e8b465ee728b)  -> (artifact id: '3d816966ce707b07168cc3c1300ec3b2') in 0.019923 seconds 
  Import took 0.028828 seconds .

========================================================================
Received Import Request.
  Time since last request: 0.856768 seconds.
  path: Assets/TerrainData_39559081-b906-46aa-810f-742e9b714150.asset
  artifactKey: Guid(a1641f785162f43449ef5ee706a72d95) Importer(815301076,1909f56bfc062723c751e8b465ee728b)
Start importing Assets/TerrainData_39559081-b906-46aa-810f-742e9b714150.asset using Guid(a1641f785162f43449ef5ee706a72d95) Importer(815301076,1909f56bfc062723c751e8b465ee728b)  -> (artifact id: 'ba4a7d717dfa55d2c640ea0d8c3824c2') in 0.019838 seconds 
  Import took 0.027804 seconds .

========================================================================
Received Import Request.
  Time since last request: 0.725110 seconds.
  path: Assets/TerrainData_20357d08-36e8-4720-b481-6ce945602320.asset
  artifactKey: Guid(db6df34f3834840248d8cf9c2b815f59) Importer(815301076,1909f56bfc062723c751e8b465ee728b)
Start importing Assets/TerrainData_20357d08-36e8-4720-b481-6ce945602320.asset using Guid(db6df34f3834840248d8cf9c2b815f59) Importer(815301076,1909f56bfc062723c751e8b465ee728b)  -> (artifact id: '2082d8385fddd1ebfa6c943a89c3b82a') in 0.017081 seconds 
  Import took 0.027623 seconds .

========================================================================
Received Import Request.
  Time since last request: 0.957460 seconds.
  path: Assets/TerrainData_a9f9bb77-1afb-4099-a727-ca0288b8059e.asset
  artifactKey: Guid(956eaf268f7ea40cd96f9c23bb663c6e) Importer(815301076,1909f56bfc062723c751e8b465ee728b)
Start importing Assets/TerrainData_a9f9bb77-1afb-4099-a727-ca0288b8059e.asset using Guid(956eaf268f7ea40cd96f9c23bb663c6e) Importer(815301076,1909f56bfc062723c751e8b465ee728b)  -> (artifact id: '734a37ba9f32b8798571331ba0d64cb6') in 0.019294 seconds 
  Import took 0.026951 seconds .

========================================================================
Received Import Request.
  Time since last request: 0.635341 seconds.
  path: Assets/TerrainData_30532782-51ab-45ad-b2cc-eb2fb24047ad.asset
  artifactKey: Guid(c9d9fd437bda947a5ae604713f6fb72c) Importer(815301076,1909f56bfc062723c751e8b465ee728b)
Start importing Assets/TerrainData_30532782-51ab-45ad-b2cc-eb2fb24047ad.asset using Guid(c9d9fd437bda947a5ae604713f6fb72c) Importer(815301076,1909f56bfc062723c751e8b465ee728b)  -> (artifact id: '88bc89545a2adb18b13ddf21af5e3da1') in 0.021458 seconds 
  Import took 0.028589 seconds .

========================================================================
Received Import Request.
  Time since last request: 0.875079 seconds.
  path: Assets/TerrainData_0e5e1f86-20d2-491d-b636-83829d17b81d.asset
  artifactKey: Guid(646f2ae258edb436bad3157c298a04ec) Importer(815301076,1909f56bfc062723c751e8b465ee728b)
Start importing Assets/TerrainData_0e5e1f86-20d2-491d-b636-83829d17b81d.asset using Guid(646f2ae258edb436bad3157c298a04ec) Importer(815301076,1909f56bfc062723c751e8b465ee728b)  -> (artifact id: 'b283dac759bd96e08fea26bb904e8b23') in 0.018462 seconds 
  Import took 0.028516 seconds .

========================================================================
Received Import Request.
  Time since last request: 54.578260 seconds.
  path: Assets/TerrainData_7d369260-d042-47c5-a44c-c9d087948b7d.asset
  artifactKey: Guid(08ad14e1014aa430093c0d3c4ba5b1f8) Importer(815301076,1909f56bfc062723c751e8b465ee728b)
Start importing Assets/TerrainData_7d369260-d042-47c5-a44c-c9d087948b7d.asset using Guid(08ad14e1014aa430093c0d3c4ba5b1f8) Importer(815301076,1909f56bfc062723c751e8b465ee728b)  -> (artifact id: '198e7758f022d4e3644e2fa43618f338') in 0.024287 seconds 
  Import took 0.032871 seconds .

========================================================================
Received Import Request.
  Time since last request: 290.086489 seconds.
  path: Assets/Tree.prefab
  artifactKey: Guid(4dffe13b41b60454393350514eb5dd5a) Importer(815301076,1909f56bfc062723c751e8b465ee728b)
Start importing Assets/Tree.prefab using Guid(4dffe13b41b60454393350514eb5dd5a) Importer(815301076,1909f56bfc062723c751e8b465ee728b)  -> (artifact id: '4ccae628d67f22c3fa3f38526137a345') in 1.983669 seconds 
  Import took 1.989660 seconds .

========================================================================
Received Import Request.
  Time since last request: 198.173576 seconds.
  path: Assets/Tree 1.prefab
  artifactKey: Guid(ef01e110dd41b4efe8346677e8dcbd81) Importer(815301076,1909f56bfc062723c751e8b465ee728b)
Start importing Assets/Tree 1.prefab using Guid(ef01e110dd41b4efe8346677e8dcbd81) Importer(815301076,1909f56bfc062723c751e8b465ee728b)  -> (artifact id: '3ac61f2d5c751ce7954689423cadcf65') in 0.071308 seconds 
  Import took 0.077539 seconds .

========================================================================
Received Import Request.
  Time since last request: 6.452888 seconds.
  path: Assets/Tree 1_Textures
  artifactKey: Guid(0fca550835f4b424d966d4687037d79a) Importer(815301076,1909f56bfc062723c751e8b465ee728b)
Start importing Assets/Tree 1_Textures using Guid(0fca550835f4b424d966d4687037d79a) Importer(815301076,1909f56bfc062723c751e8b465ee728b)  -> (artifact id: '8bfc85c93320530ab0e58b6d1eb747a1') in 0.003757 seconds 
  Import took 0.010200 seconds .

========================================================================
Received Import Request.
  Time since last request: 6.179857 seconds.
  path: Assets/Tree 1_Textures/diffuse.png
  artifactKey: Guid(6487e137008884a708b4f19e900fe1b0) Importer(815301076,1909f56bfc062723c751e8b465ee728b)
Start importing Assets/Tree 1_Textures/diffuse.png using Guid(6487e137008884a708b4f19e900fe1b0) Importer(815301076,1909f56bfc062723c751e8b465ee728b)  -> (artifact id: '357f3ac9d71de597a7ef99814674203b') in 2.664636 seconds 
  Import took 2.675845 seconds .

========================================================================
Received Import Request.
  Time since last request: 0.012049 seconds.
  path: Assets/Tree 1_Textures/translucency_gloss.png
  artifactKey: Guid(7e4b265f93262471d8a096a6fbc601d9) Importer(815301076,1909f56bfc062723c751e8b465ee728b)
Start importing Assets/Tree 1_Textures/translucency_gloss.png using Guid(7e4b265f93262471d8a096a6fbc601d9) Importer(815301076,1909f56bfc062723c751e8b465ee728b)  -> (artifact id: '8ba4cd2cfbeb2337ab22f358603248fd') in 0.023810 seconds 
  Import took 0.031120 seconds .

========================================================================
Received Import Request.
  Time since last request: 0.001169 seconds.
  path: Assets/Tree 1_Textures/shadow.png
  artifactKey: Guid(22963f82332c1478286dd524df3e2739) Importer(815301076,1909f56bfc062723c751e8b465ee728b)
Start importing Assets/Tree 1_Textures/shadow.png using Guid(22963f82332c1478286dd524df3e2739) Importer(815301076,1909f56bfc062723c751e8b465ee728b)  -> (artifact id: 'efbcf9a9578aee1d8fbe1bb4bcbea8f8') in 0.023437 seconds 
  Import took 0.029837 seconds .

========================================================================
Received Import Request.
  Time since last request: 0.002179 seconds.
  path: Assets/Tree 1_Textures/normal_specular.png
  artifactKey: Guid(f3284e0b47525428885b255e1273942f) Importer(815301076,1909f56bfc062723c751e8b465ee728b)
Start importing Assets/Tree 1_Textures/normal_specular.png using Guid(f3284e0b47525428885b255e1273942f) Importer(815301076,1909f56bfc062723c751e8b465ee728b)  -> (artifact id: 'c16e91bdcafe7a719cbf19086af519d5') in 0.020838 seconds 
  Import took 0.030536 seconds .

========================================================================
Received Import Request.
  Time since last request: 82.770234 seconds.
  path: Assets/Tree 1.prefab
  artifactKey: Guid(ef01e110dd41b4efe8346677e8dcbd81) Importer(815301076,1909f56bfc062723c751e8b465ee728b)
Start importing Assets/Tree 1.prefab using Guid(ef01e110dd41b4efe8346677e8dcbd81) Importer(815301076,1909f56bfc062723c751e8b465ee728b)  -> (artifact id: 'e0b35930aa1288fc39245098872039a4') in 0.067037 seconds 
  Import took 0.077039 seconds .

========================================================================
Received Import Request.
  Time since last request: 17.340747 seconds.
  path: Assets/Scenes
  artifactKey: Guid(ddb0da249f53247b09f8761a06fd0d44) Importer(815301076,1909f56bfc062723c751e8b465ee728b)
Start importing Assets/Scenes using Guid(ddb0da249f53247b09f8761a06fd0d44) Importer(815301076,1909f56bfc062723c751e8b465ee728b)  -> (artifact id: 'd21f2f2bc807fe0af997d762d83c5513') in 0.002155 seconds 
  Import took 0.007141 seconds .

========================================================================
Received Import Request.
  Time since last request: 1.653644 seconds.
  path: Assets/Scenes/SampleScene.unity
  artifactKey: Guid(9fc0d4010bbf28b4594072e72b8655ab) Importer(815301076,1909f56bfc062723c751e8b465ee728b)
Start importing Assets/Scenes/SampleScene.unity using Guid(9fc0d4010bbf28b4594072e72b8655ab) Importer(815301076,1909f56bfc062723c751e8b465ee728b)  -> (artifact id: '5f6ba0e837a9f6625a03f2d305405157') in 0.003177 seconds 
  Import took 0.010382 seconds .

========================================================================
Received Import Request.
  Time since last request: 143.880199 seconds.
  path: Assets/Tree_Textures/diffuse.png
  artifactKey: Guid(66e3af8c3034540a48516ec18b081128) Importer(815301076,1909f56bfc062723c751e8b465ee728b)
Start importing Assets/Tree_Textures/diffuse.png using Guid(66e3af8c3034540a48516ec18b081128) Importer(815301076,1909f56bfc062723c751e8b465ee728b)  -> (artifact id: '185b8128c6298b2e301822b65e0ed0d6') in 0.016596 seconds 
  Import took 0.021373 seconds .

========================================================================
Received Import Request.
  Time since last request: 0.000406 seconds.
  path: Assets/Tree_Textures/shadow.png
  artifactKey: Guid(76996cc4f5710473a8184a22340024b6) Importer(815301076,1909f56bfc062723c751e8b465ee728b)
Start importing Assets/Tree_Textures/shadow.png using Guid(76996cc4f5710473a8184a22340024b6) Importer(815301076,1909f56bfc062723c751e8b465ee728b)  -> (artifact id: '34fa09a609211859940d9824ca2b626b') in 0.014413 seconds 
  Import took 0.018833 seconds .

========================================================================
Received Import Request.
  Time since last request: 0.000473 seconds.
  path: Assets/Tree_Textures/translucency_gloss.png
  artifactKey: Guid(1a2ec4265f550418dbdbd936a7f2339b) Importer(815301076,1909f56bfc062723c751e8b465ee728b)
Start importing Assets/Tree_Textures/translucency_gloss.png using Guid(1a2ec4265f550418dbdbd936a7f2339b) Importer(815301076,1909f56bfc062723c751e8b465ee728b)  -> (artifact id: '2355e79db4798d0a193191ea4751ad8f') in 0.018000 seconds 
  Import took 0.025374 seconds .

========================================================================
Received Import Request.
  Time since last request: 0.000496 seconds.
  path: Assets/Tree_Textures/normal_specular.png
  artifactKey: Guid(9488e364422ea4bf8b687289a2f366fb) Importer(815301076,1909f56bfc062723c751e8b465ee728b)
Start importing Assets/Tree_Textures/normal_specular.png using Guid(9488e364422ea4bf8b687289a2f366fb) Importer(815301076,1909f56bfc062723c751e8b465ee728b)  -> (artifact id: 'daef09631a212852c5bb48ec88ae88a1') in 0.021659 seconds 
  Import took 0.030523 seconds .

